============================= test session starts ==============================
platform linux -- Python 3.13.9, pytest-9.0.1, pluggy-1.6.0
rootdir: /home/harish/harry_ws/hd_map_builder
configfile: pyproject.toml
collected 13 items

tests/test_bag_reader.py .                                               [  7%]
tests/test_calibration.py ..                                             [ 23%]
tests/test_multi_sensor_fusion.py .                                      [ 30%]
tests/test_neural_repr.py ..                                             [ 46%]
tests/test_occupancy_grid.py ...                                         [ 69%]
tests/test_offline_builder.py .                                          [ 76%]
tests/test_pipeline_cli.py .                                             [ 84%]
tests/test_pose_graph.py ..                                              [100%]

============================== 13 passed in 4.66s ==============================
