============================= test session starts ==============================
platform linux -- Python 3.13.9, pytest-9.0.1, pluggy-1.5.0
rootdir: /home/harish/harry_ws/hd_map_builder
configfile: pyproject.toml
collected 9 items / 1 error / 1 skipped

==================================== ERRORS ====================================
________________ ERROR collecting tests/test_offline_builder.py ________________
ImportError while importing test module '/home/harish/harry_ws/hd_map_builder/tests/test_offline_builder.py'.
Hint: make sure your test modules/packages have valid Python names.
Traceback:
../../miniconda3/lib/python3.13/importlib/__init__.py:88: in import_module
    return _bootstrap._gcd_import(name[level:], package, level)
           ^^^^^^^^^^^^^^^^^^^^^^^^^^^^^^^^^^^^^^^^^^^^^^^^^^^^
tests/test_offline_builder.py:7: in <module>
    from pipeline.offline_builder import FrameSensors, OfflineMapBuilder
pipeline/__init__.py:3: in <module>
    from .offline_builder import FrameSensors, OfflineMapBuilder
pipeline/offline_builder.py:17: in <module>
    from hd_map_builder.neural_repr import OccupancySampleConfig, OccupancySampleDataset
hd_map_builder/neural_repr/__init__.py:3: in <module>
    from .implicit_map import ImplicitMapDecoder, ImplicitMapConfig
hd_map_builder/neural_repr/implicit_map.py:8: in <module>
    import torch
E   ModuleNotFoundError: No module named 'torch'
=========================== short test summary info ============================
ERROR tests/test_offline_builder.py
!!!!!!!!!!!!!!!!!!!! Interrupted: 1 error during collection !!!!!!!!!!!!!!!!!!!!
========================= 1 skipped, 1 error in 0.33s ==========================
