============================= test session starts ==============================
platform linux -- Python 3.13.9, pytest-9.0.1, pluggy-1.5.0
rootdir: /home/harish/harry_ws/hd_map_builder
configfile: pyproject.toml
collected 11 items / 6 skipped

tests/test_bag_reader.py .                                               [  9%]
tests/test_calibration.py ..                                             [ 27%]
tests/test_export_map.py ..                                              [ 45%]
tests/test_multi_sensor_fusion.py .                                      [ 54%]
tests/test_occupancy_grid.py ...                                         [ 81%]
tests/test_pose_graph.py ..                                              [100%]

======================== 11 passed, 6 skipped in 0.15s =========================
