============================= test session starts ==============================
platform linux -- Python 3.13.9, pytest-9.0.1, pluggy-1.5.0
rootdir: /home/harish/harry_ws/hd_map_builder
configfile: pyproject.toml
collected 12 items / 1 error / 6 skipped

==================================== ERRORS ====================================
_________________ ERROR collecting tests/test_onnx_runtime.py __________________
ImportError while importing test module '/home/harish/harry_ws/hd_map_builder/tests/test_onnx_runtime.py'.
Hint: make sure your test modules/packages have valid Python names.
Traceback:
../../miniconda3/lib/python3.13/importlib/__init__.py:88: in import_module
    return _bootstrap._gcd_import(name[level:], package, level)
           ^^^^^^^^^^^^^^^^^^^^^^^^^^^^^^^^^^^^^^^^^^^^^^^^^^^^
tests/test_onnx_runtime.py:2: in <module>
    import onnx
E   ModuleNotFoundError: No module named 'onnx'
=========================== short test summary info ============================
ERROR tests/test_onnx_runtime.py
!!!!!!!!!!!!!!!!!!!! Interrupted: 1 error during collection !!!!!!!!!!!!!!!!!!!!
========================= 6 skipped, 1 error in 0.29s ==========================
