============================= test session starts ==============================
platform linux -- Python 3.13.9, pytest-9.0.1, pluggy-1.6.0
rootdir: /home/harish/harry_ws/hd_map_builder
configfile: pyproject.toml
collected 7 items

tests/test_bag_reader.py .                                               [ 14%]
tests/test_calibration.py ..                                             [ 42%]
tests/test_multi_sensor_fusion.py .                                      [ 57%]
tests/test_occupancy_grid.py ...                                         [100%]

============================== 7 passed in 0.12s ===============================
